Performing C SOURCE FILE Test CMAKE_HAVE_LIBC_PTHREAD failed with the following output:
Change Dir: /home/andreas/git/logger/cmake-build-release/CMakeFiles/CMakeTmp

Run Build Command(s):/usr/bin/make -f Makefile cmTC_94b43/fast && /usr/bin/make  -f CMakeFiles/cmTC_94b43.dir/build.make CMakeFiles/cmTC_94b43.dir/build
make[1]: Entering directory '/home/andreas/git/logger/cmake-build-release/CMakeFiles/CMakeTmp'
Building C object CMakeFiles/cmTC_94b43.dir/src.c.o
/usr/bin/cc -DCMAKE_HAVE_LIBC_PTHREAD   -o CMakeFiles/cmTC_94b43.dir/src.c.o -c /home/andreas/git/logger/cmake-build-release/CMakeFiles/CMakeTmp/src.c
Linking C executable cmTC_94b43
/usr/bin/cmake -E cmake_link_script CMakeFiles/cmTC_94b43.dir/link.txt --verbose=1
/usr/bin/cc CMakeFiles/cmTC_94b43.dir/src.c.o -o cmTC_94b43 
/usr/bin/ld: CMakeFiles/cmTC_94b43.dir/src.c.o: in function `main':
src.c:(.text+0x3e): undefined reference to `pthread_create'
/usr/bin/ld: src.c:(.text+0x4a): undefined reference to `pthread_detach'
/usr/bin/ld: src.c:(.text+0x56): undefined reference to `pthread_cancel'
/usr/bin/ld: src.c:(.text+0x67): undefined reference to `pthread_join'
collect2: error: ld returned 1 exit status
make[1]: *** [CMakeFiles/cmTC_94b43.dir/build.make:99: cmTC_94b43] Error 1
make[1]: Leaving directory '/home/andreas/git/logger/cmake-build-release/CMakeFiles/CMakeTmp'
make: *** [Makefile:127: cmTC_94b43/fast] Error 2


Source file was:
#include <pthread.h>

static void* test_func(void* data)
{
  return data;
}

int main(void)
{
  pthread_t thread;
  pthread_create(&thread, NULL, test_func, NULL);
  pthread_detach(thread);
  pthread_cancel(thread);
  pthread_join(thread, NULL);
  pthread_atfork(NULL, NULL, NULL);
  pthread_exit(NULL);

  return 0;
}

Determining if the function pthread_create exists in the pthreads failed with the following output:
Change Dir: /home/andreas/git/logger/cmake-build-release/CMakeFiles/CMakeTmp

Run Build Command(s):/usr/bin/make -f Makefile cmTC_01882/fast && /usr/bin/make  -f CMakeFiles/cmTC_01882.dir/build.make CMakeFiles/cmTC_01882.dir/build
make[1]: Entering directory '/home/andreas/git/logger/cmake-build-release/CMakeFiles/CMakeTmp'
Building C object CMakeFiles/cmTC_01882.dir/CheckFunctionExists.c.o
/usr/bin/cc   -DCHECK_FUNCTION_EXISTS=pthread_create -o CMakeFiles/cmTC_01882.dir/CheckFunctionExists.c.o -c /usr/share/cmake-3.22/Modules/CheckFunctionExists.c
Linking C executable cmTC_01882
/usr/bin/cmake -E cmake_link_script CMakeFiles/cmTC_01882.dir/link.txt --verbose=1
/usr/bin/cc  -DCHECK_FUNCTION_EXISTS=pthread_create CMakeFiles/cmTC_01882.dir/CheckFunctionExists.c.o -o cmTC_01882  -lpthreads 
/usr/bin/ld: cannot find -lpthreads
collect2: error: ld returned 1 exit status
make[1]: *** [CMakeFiles/cmTC_01882.dir/build.make:99: cmTC_01882] Error 1
make[1]: Leaving directory '/home/andreas/git/logger/cmake-build-release/CMakeFiles/CMakeTmp'
make: *** [Makefile:127: cmTC_01882/fast] Error 2



